<?xml version="1.0" encoding="UTF-8"?>
<!-- Generated by org.testng.reporters.JUnitReportReporter -->
<testsuite hostname="DESKTOP-KIS4N2E" failures="0" tests="1" name="testNGKeywords.TimeOutTest" time="1.026" errors="0" timestamp="2024-07-19T07:29:12 IST" skipped="0">
  <testcase classname="testNGKeywords.TimeOutTest" name="a" time="1.026">
    <system-out>
      <![CDATA[A is running]]>
    </system-out>
  </testcase> <!-- a -->
  <system-out>
    <![CDATA[A is running]]>
  </system-out>
</testsuite> <!-- testNGKeywords.TimeOutTest -->
