<?xml version="1.0" encoding="UTF-8"?>
<!-- Generated by org.testng.reporters.JUnitReportReporter -->
<testsuite hostname="DESKTOP-KIS4N2E" failures="0" tests="3" name="testNGKeywords.DependsOnMtehods" time="0.016" errors="0" timestamp="2024-07-19T07:55:55 IST" skipped="0">
  <testcase classname="testNGKeywords.DependsOnMtehods" name="c" time="0.002">
    <system-out>
      <![CDATA[C is running]]>
    </system-out>
  </testcase> <!-- c -->
  <testcase classname="testNGKeywords.DependsOnMtehods" name="a" time="0.001">
    <system-out>
      <![CDATA[A is running]]>
    </system-out>
  </testcase> <!-- a -->
  <testcase classname="testNGKeywords.DependsOnMtehods" name="b" time="0.013">
    <system-out>
      <![CDATA[B is running]]>
    </system-out>
  </testcase> <!-- b -->
  <system-out>
    <![CDATA[B is running
C is running
A is running]]>
  </system-out>
</testsuite> <!-- testNGKeywords.DependsOnMtehods -->
