<?xml version="1.0" encoding="UTF-8"?>
<!-- Generated by org.testng.reporters.JUnitReportReporter -->
<testsuite hostname="DESKTOP-KIS4N2E" failures="0" tests="2" name="dataProviders.FBSignUp" time="9.808" errors="0" timestamp="2024-07-26T08:00:25 IST" skipped="0">
  <testcase classname="dataProviders.FBSignUp" name="f" time="5.154"/>
  <testcase classname="dataProviders.FBSignUp" name="f" time="4.654"/>
</testsuite> <!-- dataProviders.FBSignUp -->
