<?xml version="1.0" encoding="UTF-8"?>
<!-- Generated by org.testng.reporters.JUnitReportReporter -->
<testsuite hostname="DESKTOP-KIS4N2E" failures="0" tests="1" name="testNGXML.FB" time="7.245" errors="0" timestamp="2024-07-22T07:29:00 IST" skipped="0">
  <testcase classname="testNGXML.FB" name="facebook" time="7.245"/>
</testsuite> <!-- testNGXML.FB -->
