<?xml version="1.0" encoding="UTF-8"?>
<!-- Generated by org.testng.reporters.JUnitReportReporter -->
<testsuite hostname="DESKTOP-KIS4N2E" failures="0" tests="1" name="verificationUsingTestNG.AssertEqualsNotEquals" time="0.017" errors="0" timestamp="2024-07-23T07:19:12 IST" skipped="0">
  <testcase classname="verificationUsingTestNG.AssertEqualsNotEquals" name="method" time="0.017"/>
</testsuite> <!-- verificationUsingTestNG.AssertEqualsNotEquals -->
