<?xml version="1.0" encoding="UTF-8"?>
<!-- Generated by org.testng.reporters.JUnitReportReporter -->
<testsuite hostname="DESKTOP-KIS4N2E" failures="0" tests="1" name="dataProviders.FBSignUpUsingProprties" time="5.784" errors="0" timestamp="2024-07-27T07:55:13 IST" skipped="0">
  <testcase classname="dataProviders.FBSignUpUsingProprties" name="f" time="5.784"/>
</testsuite> <!-- dataProviders.FBSignUpUsingProprties -->
