<?xml version="1.0" encoding="UTF-8"?>
<!-- Generated by org.testng.reporters.JUnitReportReporter -->
<testsuite hostname="DESKTOP-KIS4N2E" failures="0" tests="4" name="testNGKeywords.MultipleKeyWords" time="0.012" errors="0" timestamp="2024-07-19T08:00:55 IST" skipped="1">
  <testcase classname="testNGKeywords.MultipleKeyWords" name="b" time="0.009">
    <system-out>
      <![CDATA[B is running]]>
    </system-out>
  </testcase> <!-- b -->
  <testcase classname="testNGKeywords.MultipleKeyWords" name="b" time="0.001">
    <system-out>
      <![CDATA[B is running]]>
    </system-out>
  </testcase> <!-- b -->
  <testcase classname="testNGKeywords.MultipleKeyWords" name="a" time="0.002">
    <system-out>
      <![CDATA[A is running]]>
    </system-out>
  </testcase> <!-- a -->
  <testcase classname="testNGKeywords.MultipleKeyWords" name="c">
    <skipped/>
  </testcase> <!-- c -->
  <system-out>
    <![CDATA[B is running
B is running
A is running]]>
  </system-out>
</testsuite> <!-- testNGKeywords.MultipleKeyWords -->
