<?xml version="1.0" encoding="UTF-8"?>
<!-- Generated by org.testng.reporters.JUnitReportReporter -->
<testsuite hostname="DESKTOP-KIS4N2E" failures="0" tests="4" name="testNGXML.NewTest3" time="0.010" errors="0" timestamp="2024-07-20T07:50:12 IST" skipped="0">
  <testcase classname="testNGXML.NewTest3" name="l" time="0.002">
    <system-out>
      <![CDATA[L is running]]>
    </system-out>
  </testcase> <!-- l -->
  <testcase classname="testNGXML.NewTest3" name="j" time="0.002">
    <system-out>
      <![CDATA[J is running]]>
    </system-out>
  </testcase> <!-- j -->
  <testcase classname="testNGXML.NewTest3" name="k" time="0.003">
    <system-out>
      <![CDATA[K is running]]>
    </system-out>
  </testcase> <!-- k -->
  <testcase classname="testNGXML.NewTest3" name="i" time="0.003">
    <system-out>
      <![CDATA[I is running]]>
    </system-out>
  </testcase> <!-- i -->
  <system-out>
    <![CDATA[A is running
B is running
C is running
D is running
E is running
F is running
G is running
H is running
I is running
J is running
K is running
L is running]]>
  </system-out>
</testsuite> <!-- testNGXML.NewTest3 -->
