<?xml version="1.0" encoding="UTF-8"?>
<!-- Generated by org.testng.reporters.JUnitReportReporter -->
<testsuite hostname="DESKTOP-KIS4N2E" failures="0" tests="4" name="testNGKeywords.Sample1" time="0.015" errors="0" timestamp="2024-07-19T07:10:20 IST" skipped="0">
  <testcase classname="testNGKeywords.Sample1" name="c" time="0.002">
    <system-out>
      <![CDATA[C is running]]>
    </system-out>
  </testcase> <!-- c -->
  <testcase classname="testNGKeywords.Sample1" name="a" time="0.009">
    <system-out>
      <![CDATA[A is running]]>
    </system-out>
  </testcase> <!-- a -->
  <testcase classname="testNGKeywords.Sample1" name="d" time="0.003">
    <system-out>
      <![CDATA[D is running]]>
    </system-out>
  </testcase> <!-- d -->
  <testcase classname="testNGKeywords.Sample1" name="b" time="0.001">
    <system-out>
      <![CDATA[B is running]]>
    </system-out>
  </testcase> <!-- b -->
  <system-out>
    <![CDATA[A is running
B is running
C is running
D is running]]>
  </system-out>
</testsuite> <!-- testNGKeywords.Sample1 -->
