<?xml version="1.0" encoding="UTF-8"?>
<!-- Generated by org.testng.reporters.JUnitReportReporter -->
<testsuite hostname="DESKTOP-KIS4N2E" failures="0" tests="3" name="testNGXML.NewTest1" time="0.033" errors="0" timestamp="2024-07-20T08:12:54 IST" skipped="0">
  <testcase classname="testNGXML.NewTest1" name="a" time="0.026">
    <system-out>
      <![CDATA[A is running]]>
    </system-out>
  </testcase> <!-- a -->
  <testcase classname="testNGXML.NewTest1" name="b" time="0.004">
    <system-out>
      <![CDATA[B is running]]>
    </system-out>
  </testcase> <!-- b -->
  <testcase classname="testNGXML.NewTest1" name="d" time="0.003">
    <system-out>
      <![CDATA[D is running]]>
    </system-out>
  </testcase> <!-- d -->
  <system-out>
    <![CDATA[A is running
B is running
D is running]]>
  </system-out>
</testsuite> <!-- testNGXML.NewTest1 -->
