<?xml version="1.0" encoding="UTF-8"?>
<!-- Generated by org.testng.reporters.JUnitReportReporter -->
<testsuite hostname="DESKTOP-KIS4N2E" failures="0" tests="1" name="testNGXML.Ajio" time="7.874" errors="0" timestamp="2024-07-22T07:29:00 IST" skipped="0">
  <testcase classname="testNGXML.Ajio" name="AjioTest" time="7.874"/>
</testsuite> <!-- testNGXML.Ajio -->
