<?xml version="1.0" encoding="UTF-8"?>
<!-- Generated by org.testng.reporters.JUnitReportReporter -->
<testsuite hostname="DESKTOP-KIS4N2E" failures="0" tests="1" name="testNGStudy.Hi" time="0.034" errors="0" timestamp="2024-07-09T08:07:53 IST" skipped="0">
  <testcase classname="testNGStudy.Hi" name="f" time="0.034"/>
</testsuite> <!-- testNGStudy.Hi -->
