<?xml version="1.0" encoding="UTF-8"?>
<!-- Generated by org.testng.reporters.JUnitReportReporter -->
<testsuite hostname="DESKTOP-KIS4N2E" failures="0" tests="3" name="cbt.FBSignUP" time="56.398" errors="0" timestamp="2024-07-24T08:09:03 IST" skipped="0">
  <testcase classname="cbt.FBSignUP" name="f" time="20.753"/>
  <testcase classname="cbt.FBSignUP" name="f" time="22.646"/>
  <testcase classname="cbt.FBSignUP" name="f" time="12.999"/>
</testsuite> <!-- cbt.FBSignUP -->
