<?xml version="1.0" encoding="UTF-8"?>
<!-- Generated by org.testng.reporters.JUnitReportReporter -->
<testsuite hostname="DESKTOP-KIS4N2E" failures="0" tests="4" name="testNGStudy.MyClass" time="0.032" errors="0" timestamp="2024-07-13T07:08:16 IST" skipped="0">
  <testcase classname="testNGStudy.MyClass" name="f" time="0.019">
    <system-out>
      <![CDATA[This is reporter
This is new report
This is new report1]]>
    </system-out>
  </testcase> <!-- f -->
  <testcase classname="testNGStudy.MyClass" name="f1" time="0.003"/>
  <testcase classname="testNGStudy.MyClass" name="f2" time="0.004"/>
  <testcase classname="testNGStudy.MyClass" name="f3" time="0.006"/>
  <system-out>
    <![CDATA[This is reporter
This is new report
This is new report1]]>
  </system-out>
</testsuite> <!-- testNGStudy.MyClass -->
