<?xml version="1.0" encoding="UTF-8"?>
<!-- Generated by org.testng.reporters.JUnitReportReporter -->
<testsuite hostname="DESKTOP-KIS4N2E" failures="0" tests="1" name="cbt.FireFoxLaunch" time="4.536" errors="0" timestamp="2024-07-24T07:40:00 IST" skipped="0">
  <testcase classname="cbt.FireFoxLaunch" name="f" time="4.536"/>
</testsuite> <!-- cbt.FireFoxLaunch -->
