<?xml version="1.0" encoding="UTF-8"?>
<!-- Generated by org.testng.reporters.JUnitReportReporter -->
<testsuite hostname="DESKTOP-KIS4N2E" failures="0" tests="2" name="coverFoxUsingPOMAndExcel.CoverFoxTC1" time="8.262" errors="0" timestamp="2024-07-30T07:14:19 IST" skipped="0">
  <testcase classname="coverFoxUsingPOMAndExcel.CoverFoxTC1" name="validatePresenceOfSortButton" time="4.190"/>
  <testcase classname="coverFoxUsingPOMAndExcel.CoverFoxTC1" name="validateBanners" time="4.072"/>
</testsuite> <!-- coverFoxUsingPOMAndExcel.CoverFoxTC1 -->
