<?xml version="1.0" encoding="UTF-8"?>
<!-- Generated by org.testng.reporters.JUnitReportReporter -->
<testsuite hostname="DESKTOP-KIS4N2E" failures="0" tests="2" name="testNGStudy.BeforeAfterClass" time="0.029" errors="0" timestamp="2024-07-18T07:28:14 IST" skipped="0">
  <testcase classname="testNGStudy.BeforeAfterClass" name="f" time="0.021">
    <system-out>
      <![CDATA[test method is running]]>
    </system-out>
  </testcase> <!-- f -->
  <testcase classname="testNGStudy.BeforeAfterClass" name="f1" time="0.008">
    <system-out>
      <![CDATA[test method1 is running]]>
    </system-out>
  </testcase> <!-- f1 -->
  <system-out>
    <![CDATA[Before class is running
before method is running
test method is running
after method is running 
before method is running
test method1 is running
after method is running 
After class is running]]>
  </system-out>
</testsuite> <!-- testNGStudy.BeforeAfterClass -->
