<?xml version="1.0" encoding="UTF-8"?>
<!-- Generated by org.testng.reporters.JUnitReportReporter -->
<testsuite hostname="DESKTOP-KIS4N2E" failures="0" tests="4" name="testNGKeywords.Sample" time="0.026" errors="0" timestamp="2024-07-19T06:58:26 IST" skipped="0">
  <testcase classname="testNGKeywords.Sample" name="mytest" time="0.002">
    <system-out>
      <![CDATA[My test is running]]>
    </system-out>
  </testcase> <!-- mytest -->
  <testcase classname="testNGKeywords.Sample" name="mytest" time="0.010">
    <system-out>
      <![CDATA[My test is running]]>
    </system-out>
  </testcase> <!-- mytest -->
  <testcase classname="testNGKeywords.Sample" name="mytest" time="0.012">
    <system-out>
      <![CDATA[My test is running]]>
    </system-out>
  </testcase> <!-- mytest -->
  <testcase classname="testNGKeywords.Sample" name="mytest" time="0.002">
    <system-out>
      <![CDATA[My test is running]]>
    </system-out>
  </testcase> <!-- mytest -->
  <system-out>
    <![CDATA[My test is running
My test is running
My test is running
My test is running]]>
  </system-out>
</testsuite> <!-- testNGKeywords.Sample -->
