<?xml version="1.0" encoding="UTF-8"?>
<!-- Generated by org.testng.reporters.JUnitReportReporter -->
<testsuite hostname="DESKTOP-KIS4N2E" failures="0" tests="2" name="testNGStudy.BeforeAfterMethod" time="0.023" errors="0" timestamp="2024-07-13T07:32:12 IST" skipped="0">
  <testcase classname="testNGStudy.BeforeAfterMethod" name="f2" time="0.016">
    <system-out>
      <![CDATA[Test Method2 is running]]>
    </system-out>
  </testcase> <!-- f2 -->
  <testcase classname="testNGStudy.BeforeAfterMethod" name="f1" time="0.007">
    <system-out>
      <![CDATA[Test Method1 is running]]>
    </system-out>
  </testcase> <!-- f1 -->
  <system-out>
    <![CDATA[before method is running
Test Method1 is running
after method is running
before method is running
Test Method2 is running
after method is running]]>
  </system-out>
</testsuite> <!-- testNGStudy.BeforeAfterMethod -->
