<?xml version="1.0" encoding="UTF-8"?>
<!-- Generated by org.testng.reporters.JUnitReportReporter -->
<testsuite hostname="DESKTOP-KIS4N2E" failures="0" tests="1" name="testNGKeywords.MyClass" time="0.010" errors="0" timestamp="2024-07-26T08:14:58 IST" skipped="0">
  <testcase classname="testNGKeywords.MyClass" name="c" time="0.010">
    <system-out>
      <![CDATA[c is running]]>
    </system-out>
  </testcase> <!-- c -->
  <system-out>
    <![CDATA[c is running]]>
  </system-out>
</testsuite> <!-- testNGKeywords.MyClass -->
